<?xml version="1.0" encoding="UTF-8"?>
<!-- Generated by org.testng.reporters.JUnitXMLReporter -->
<testsuite hostname="ngreche" ignored="1" tests="0" failures="0" timestamp="2020-02-26T09:49:16 WAT" time="16.945" errors="0">
  <testcase name="@AfterTest teardown" time="0.0" classname="demo.TestNGMultiBrowserDemo">
    <failure type="java.lang.NullPointerException">
      <![CDATA[java.lang.NullPointerException
at demo.TestNGMultiBrowserDemo.teardown(TestNGMultiBrowserDemo.java:55)
at java.util.concurrent.FutureTask.run(Unknown Source)
at java.util.concurrent.ThreadPoolExecutor.runWorker(Unknown Source)
at java.util.concurrent.ThreadPoolExecutor$Worker.run(Unknown Source)
at java.lang.Thread.run(Unknown Source)
... Removed 15 stack frames]]>
    </failure>
  </testcase> <!-- @AfterTest teardown -->
  <testcase name="test1" time="0.0" classname="demo.TestNGMultiBrowserDemo">
    <ignored/>
  </testcase> <!-- test1 -->
</testsuite>
