<?xml version="1.0" encoding="UTF-8"?>
<!-- Generated by org.testng.reporters.JUnitXMLReporter -->
<testsuite hostname="ngreche" ignored="0" name="Test" tests="6" failures="2" timestamp="2020-02-24T14:46:02 WAT" time="0.101" errors="0">
  <testcase name="test1" time="0.013" classname="listeners.TestNGListenerDemo"/>
  <testcase name="test2" time="0.005" classname="listeners.TestNGListenerDemo">
    <failure type="java.lang.AssertionError" message="expected [true] but found [false]">
      <![CDATA[java.lang.AssertionError: expected [true] but found [false]
at listeners.TestNGListenerDemo.test2(TestNGListenerDemo.java:20)
at java.util.ArrayList.forEach(Unknown Source)
... Removed 31 stack frames]]>
    </failure>
  </testcase> <!-- test2 -->
  <testcase name="test3" time="0.005" classname="listeners.TestNGListenerDemo">
    <skipped/>
  </testcase> <!-- test3 -->
  <testcase name="test4" time="0.003" classname="listeners.TestNGListenerDemo2"/>
  <testcase name="test5" time="0.003" classname="listeners.TestNGListenerDemo2">
    <failure type="java.lang.AssertionError" message="expected [true] but found [false]">
      <![CDATA[java.lang.AssertionError: expected [true] but found [false]
at listeners.TestNGListenerDemo2.test5(TestNGListenerDemo2.java:20)
at java.util.ArrayList.forEach(Unknown Source)
... Removed 31 stack frames]]>
    </failure>
  </testcase> <!-- test5 -->
  <testcase name="test6" time="0.009" classname="listeners.TestNGListenerDemo2">
    <skipped/>
  </testcase> <!-- test6 -->
</testsuite> <!-- Test -->
